2016-11-10 13:48:58,315 DEBUG    root            Metrics collector initialized...
2016-11-10 13:48:58,321 DEBUG    root            Loaded Command Group: ['gcloud', 'components']
2016-11-10 13:48:58,325 DEBUG    root            Loaded Command Group: ['gcloud', 'components', 'list']
2016-11-10 13:48:58,327 DEBUG    root            Running gcloud.components.list with Namespace(__calliope_internal_deepest_parser=ArgumentParser(prog='gcloud.components.list', usage=None, description='List all components in the Cloud SDK and provide information such as whether\nthe component is installed on the local workstation, whether a newer version\nis available, the size of the component, and the ID used to refer to the\ncomponent in commands.', version=None, formatter_class=<class 'argparse.HelpFormatter'>, conflict_handler='error', add_help=False), account=None, architecture_override=None, authority_selector=None, authorization_token_file=None, calliope_command=<googlecloudsdk.calliope.backend.Command object at 0x10fd23c10>, command_path=['gcloud', 'components', 'list'], configuration=None, credential_file_override=None, document=None, filter=None, flatten=None, format=None, h=None, help=None, http_timeout=None, limit=None, log_http=None, operating_system_override=None, project=None, quiet=True, sdk_root_override=None, show_versions=False, snapshot_url_override=None, sort_by=None, trace_email=None, trace_log=None, trace_token=None, user_output_enabled=None, verbosity='warning', version=None).
2016-11-10 13:48:58,327 INFO     root            Display format "table[box,title="Components"](state.name:label=Status,name:label=Name,id:label=ID,size.size(zero="",min=1048576):label=Size:align=right)".
2016-11-10 13:48:58,691 INFO     ___FILE_ONLY___ 
Your current Cloud SDK version is: 134.0.0

2016-11-10 13:48:58,691 INFO     ___FILE_ONLY___ The latest available version is: 134.0.0

2016-11-10 13:48:58,691 INFO     ___FILE_ONLY___ 

2016-11-10 13:48:58,695 INFO     ___FILE_ONLY___ ┌─────────────────────────────────────────────────────────────────────────────────────────────────────────────┐
2016-11-10 13:48:58,695 INFO     ___FILE_ONLY___ 

2016-11-10 13:48:58,696 INFO     ___FILE_ONLY___ │                                                  Components                                                 │
2016-11-10 13:48:58,696 INFO     ___FILE_ONLY___ 

2016-11-10 13:48:58,696 INFO     ___FILE_ONLY___ ├───────────────┬──────────────────────────────────────────────────────┬──────────────────────────┬───────────┤
2016-11-10 13:48:58,696 INFO     ___FILE_ONLY___ 

2016-11-10 13:48:58,696 INFO     ___FILE_ONLY___ │     Status    │                         Name                         │            ID            │    Size   │
2016-11-10 13:48:58,696 INFO     ___FILE_ONLY___ 

2016-11-10 13:48:58,696 INFO     ___FILE_ONLY___ ├───────────────┼──────────────────────────────────────────────────────┼──────────────────────────┼───────────┤
2016-11-10 13:48:58,696 INFO     ___FILE_ONLY___ 

2016-11-10 13:48:58,696 INFO     ___FILE_ONLY___ │ 
2016-11-10 13:48:58,696 INFO     ___FILE_ONLY___ Not Installed
2016-11-10 13:48:58,696 INFO     ___FILE_ONLY___  
2016-11-10 13:48:58,696 INFO     ___FILE_ONLY___ │ 
2016-11-10 13:48:58,696 INFO     ___FILE_ONLY___ App Engine Go Extensions                            
2016-11-10 13:48:58,696 INFO     ___FILE_ONLY___  
2016-11-10 13:48:58,696 INFO     ___FILE_ONLY___ │ 
2016-11-10 13:48:58,696 INFO     ___FILE_ONLY___ app-engine-go           
2016-11-10 13:48:58,697 INFO     ___FILE_ONLY___  
2016-11-10 13:48:58,697 INFO     ___FILE_ONLY___ │ 
2016-11-10 13:48:58,697 INFO     ___FILE_ONLY___  47.2 MiB
2016-11-10 13:48:58,697 INFO     ___FILE_ONLY___  
2016-11-10 13:48:58,697 INFO     ___FILE_ONLY___ │
2016-11-10 13:48:58,697 INFO     ___FILE_ONLY___ 

2016-11-10 13:48:58,697 INFO     ___FILE_ONLY___ │ 
2016-11-10 13:48:58,697 INFO     ___FILE_ONLY___ Not Installed
2016-11-10 13:48:58,697 INFO     ___FILE_ONLY___  
2016-11-10 13:48:58,697 INFO     ___FILE_ONLY___ │ 
2016-11-10 13:48:58,697 INFO     ___FILE_ONLY___ Cloud Datastore Emulator                            
2016-11-10 13:48:58,697 INFO     ___FILE_ONLY___  
2016-11-10 13:48:58,697 INFO     ___FILE_ONLY___ │ 
2016-11-10 13:48:58,697 INFO     ___FILE_ONLY___ cloud-datastore-emulator
2016-11-10 13:48:58,697 INFO     ___FILE_ONLY___  
2016-11-10 13:48:58,697 INFO     ___FILE_ONLY___ │ 
2016-11-10 13:48:58,697 INFO     ___FILE_ONLY___  15.4 MiB
2016-11-10 13:48:58,697 INFO     ___FILE_ONLY___  
2016-11-10 13:48:58,697 INFO     ___FILE_ONLY___ │
2016-11-10 13:48:58,697 INFO     ___FILE_ONLY___ 

2016-11-10 13:48:58,698 INFO     ___FILE_ONLY___ │ 
2016-11-10 13:48:58,698 INFO     ___FILE_ONLY___ Not Installed
2016-11-10 13:48:58,698 INFO     ___FILE_ONLY___  
2016-11-10 13:48:58,698 INFO     ___FILE_ONLY___ │ 
2016-11-10 13:48:58,698 INFO     ___FILE_ONLY___ Cloud Datastore Emulator (Legacy)                   
2016-11-10 13:48:58,698 INFO     ___FILE_ONLY___  
2016-11-10 13:48:58,698 INFO     ___FILE_ONLY___ │ 
2016-11-10 13:48:58,698 INFO     ___FILE_ONLY___ gcd-emulator            
2016-11-10 13:48:58,698 INFO     ___FILE_ONLY___  
2016-11-10 13:48:58,698 INFO     ___FILE_ONLY___ │ 
2016-11-10 13:48:58,698 INFO     ___FILE_ONLY___  38.1 MiB
2016-11-10 13:48:58,698 INFO     ___FILE_ONLY___  
2016-11-10 13:48:58,698 INFO     ___FILE_ONLY___ │
2016-11-10 13:48:58,698 INFO     ___FILE_ONLY___ 

2016-11-10 13:48:58,698 INFO     ___FILE_ONLY___ │ 
2016-11-10 13:48:58,698 INFO     ___FILE_ONLY___ Not Installed
2016-11-10 13:48:58,698 INFO     ___FILE_ONLY___  
2016-11-10 13:48:58,698 INFO     ___FILE_ONLY___ │ 
2016-11-10 13:48:58,698 INFO     ___FILE_ONLY___ Cloud Pub/Sub Emulator                              
2016-11-10 13:48:58,698 INFO     ___FILE_ONLY___  
2016-11-10 13:48:58,698 INFO     ___FILE_ONLY___ │ 
2016-11-10 13:48:58,699 INFO     ___FILE_ONLY___ pubsub-emulator         
2016-11-10 13:48:58,699 INFO     ___FILE_ONLY___  
2016-11-10 13:48:58,699 INFO     ___FILE_ONLY___ │ 
2016-11-10 13:48:58,699 INFO     ___FILE_ONLY___  16.3 MiB
2016-11-10 13:48:58,699 INFO     ___FILE_ONLY___  
2016-11-10 13:48:58,699 INFO     ___FILE_ONLY___ │
2016-11-10 13:48:58,699 INFO     ___FILE_ONLY___ 

2016-11-10 13:48:58,699 INFO     ___FILE_ONLY___ │ 
2016-11-10 13:48:58,699 INFO     ___FILE_ONLY___ Not Installed
2016-11-10 13:48:58,699 INFO     ___FILE_ONLY___  
2016-11-10 13:48:58,699 INFO     ___FILE_ONLY___ │ 
2016-11-10 13:48:58,699 INFO     ___FILE_ONLY___ Google Container Registry's Docker credential helper
2016-11-10 13:48:58,699 INFO     ___FILE_ONLY___  
2016-11-10 13:48:58,699 INFO     ___FILE_ONLY___ │ 
2016-11-10 13:48:58,699 INFO     ___FILE_ONLY___ docker-credential-gcr   
2016-11-10 13:48:58,699 INFO     ___FILE_ONLY___  
2016-11-10 13:48:58,699 INFO     ___FILE_ONLY___ │ 
2016-11-10 13:48:58,699 INFO     ___FILE_ONLY___   2.2 MiB
2016-11-10 13:48:58,699 INFO     ___FILE_ONLY___  
2016-11-10 13:48:58,699 INFO     ___FILE_ONLY___ │
2016-11-10 13:48:58,699 INFO     ___FILE_ONLY___ 

2016-11-10 13:48:58,699 INFO     ___FILE_ONLY___ │ 
2016-11-10 13:48:58,700 INFO     ___FILE_ONLY___ Not Installed
2016-11-10 13:48:58,700 INFO     ___FILE_ONLY___  
2016-11-10 13:48:58,700 INFO     ___FILE_ONLY___ │ 
2016-11-10 13:48:58,700 INFO     ___FILE_ONLY___ gcloud Alpha Commands                               
2016-11-10 13:48:58,700 INFO     ___FILE_ONLY___  
2016-11-10 13:48:58,700 INFO     ___FILE_ONLY___ │ 
2016-11-10 13:48:58,700 INFO     ___FILE_ONLY___ alpha                   
2016-11-10 13:48:58,700 INFO     ___FILE_ONLY___  
2016-11-10 13:48:58,700 INFO     ___FILE_ONLY___ │ 
2016-11-10 13:48:58,700 INFO     ___FILE_ONLY___   < 1 MiB
2016-11-10 13:48:58,700 INFO     ___FILE_ONLY___  
2016-11-10 13:48:58,700 INFO     ___FILE_ONLY___ │
2016-11-10 13:48:58,700 INFO     ___FILE_ONLY___ 

2016-11-10 13:48:58,700 INFO     ___FILE_ONLY___ │ 
2016-11-10 13:48:58,700 INFO     ___FILE_ONLY___ Not Installed
2016-11-10 13:48:58,700 INFO     ___FILE_ONLY___  
2016-11-10 13:48:58,700 INFO     ___FILE_ONLY___ │ 
2016-11-10 13:48:58,700 INFO     ___FILE_ONLY___ gcloud Beta Commands                                
2016-11-10 13:48:58,701 INFO     ___FILE_ONLY___  
2016-11-10 13:48:58,701 INFO     ___FILE_ONLY___ │ 
2016-11-10 13:48:58,701 INFO     ___FILE_ONLY___ beta                    
2016-11-10 13:48:58,701 INFO     ___FILE_ONLY___  
2016-11-10 13:48:58,701 INFO     ___FILE_ONLY___ │ 
2016-11-10 13:48:58,701 INFO     ___FILE_ONLY___   < 1 MiB
2016-11-10 13:48:58,701 INFO     ___FILE_ONLY___  
2016-11-10 13:48:58,701 INFO     ___FILE_ONLY___ │
2016-11-10 13:48:58,701 INFO     ___FILE_ONLY___ 

2016-11-10 13:48:58,701 INFO     ___FILE_ONLY___ │ 
2016-11-10 13:48:58,701 INFO     ___FILE_ONLY___ Not Installed
2016-11-10 13:48:58,701 INFO     ___FILE_ONLY___  
2016-11-10 13:48:58,701 INFO     ___FILE_ONLY___ │ 
2016-11-10 13:48:58,701 INFO     ___FILE_ONLY___ gcloud app Java Extensions                          
2016-11-10 13:48:58,701 INFO     ___FILE_ONLY___  
2016-11-10 13:48:58,701 INFO     ___FILE_ONLY___ │ 
2016-11-10 13:48:58,702 INFO     ___FILE_ONLY___ app-engine-java         
2016-11-10 13:48:58,702 INFO     ___FILE_ONLY___  
2016-11-10 13:48:58,702 INFO     ___FILE_ONLY___ │ 
2016-11-10 13:48:58,702 INFO     ___FILE_ONLY___ 124.4 MiB
2016-11-10 13:48:58,702 INFO     ___FILE_ONLY___  
2016-11-10 13:48:58,702 INFO     ___FILE_ONLY___ │
2016-11-10 13:48:58,702 INFO     ___FILE_ONLY___ 

2016-11-10 13:48:58,702 INFO     ___FILE_ONLY___ │ 
2016-11-10 13:48:58,702 INFO     ___FILE_ONLY___ Not Installed
2016-11-10 13:48:58,702 INFO     ___FILE_ONLY___  
2016-11-10 13:48:58,702 INFO     ___FILE_ONLY___ │ 
2016-11-10 13:48:58,702 INFO     ___FILE_ONLY___ gcloud app PHP Extensions (Mac OS X)                
2016-11-10 13:48:58,702 INFO     ___FILE_ONLY___  
2016-11-10 13:48:58,702 INFO     ___FILE_ONLY___ │ 
2016-11-10 13:48:58,702 INFO     ___FILE_ONLY___ app-engine-php-darwin   
2016-11-10 13:48:58,702 INFO     ___FILE_ONLY___  
2016-11-10 13:48:58,702 INFO     ___FILE_ONLY___ │ 
2016-11-10 13:48:58,702 INFO     ___FILE_ONLY___  21.9 MiB
2016-11-10 13:48:58,702 INFO     ___FILE_ONLY___  
2016-11-10 13:48:58,703 INFO     ___FILE_ONLY___ │
2016-11-10 13:48:58,703 INFO     ___FILE_ONLY___ 

2016-11-10 13:48:58,703 INFO     ___FILE_ONLY___ │ 
2016-11-10 13:48:58,703 INFO     ___FILE_ONLY___ Not Installed
2016-11-10 13:48:58,703 INFO     ___FILE_ONLY___  
2016-11-10 13:48:58,703 INFO     ___FILE_ONLY___ │ 
2016-11-10 13:48:58,703 INFO     ___FILE_ONLY___ gcloud app Python Extensions                        
2016-11-10 13:48:58,703 INFO     ___FILE_ONLY___  
2016-11-10 13:48:58,703 INFO     ___FILE_ONLY___ │ 
2016-11-10 13:48:58,703 INFO     ___FILE_ONLY___ app-engine-python       
2016-11-10 13:48:58,703 INFO     ___FILE_ONLY___  
2016-11-10 13:48:58,703 INFO     ___FILE_ONLY___ │ 
2016-11-10 13:48:58,703 INFO     ___FILE_ONLY___   7.2 MiB
2016-11-10 13:48:58,703 INFO     ___FILE_ONLY___  
2016-11-10 13:48:58,703 INFO     ___FILE_ONLY___ │
2016-11-10 13:48:58,703 INFO     ___FILE_ONLY___ 

2016-11-10 13:48:58,703 INFO     ___FILE_ONLY___ │ 
2016-11-10 13:48:58,703 INFO     ___FILE_ONLY___ Not Installed
2016-11-10 13:48:58,703 INFO     ___FILE_ONLY___  
2016-11-10 13:48:58,703 INFO     ___FILE_ONLY___ │ 
2016-11-10 13:48:58,703 INFO     ___FILE_ONLY___ kubectl                                             
2016-11-10 13:48:58,703 INFO     ___FILE_ONLY___  
2016-11-10 13:48:58,704 INFO     ___FILE_ONLY___ │ 
2016-11-10 13:48:58,704 INFO     ___FILE_ONLY___ kubectl                 
2016-11-10 13:48:58,704 INFO     ___FILE_ONLY___  
2016-11-10 13:48:58,704 INFO     ___FILE_ONLY___ │ 
2016-11-10 13:48:58,704 INFO     ___FILE_ONLY___  14.0 MiB
2016-11-10 13:48:58,704 INFO     ___FILE_ONLY___  
2016-11-10 13:48:58,704 INFO     ___FILE_ONLY___ │
2016-11-10 13:48:58,704 INFO     ___FILE_ONLY___ 

2016-11-10 13:48:58,704 INFO     ___FILE_ONLY___ │ 
2016-11-10 13:48:58,704 INFO     ___FILE_ONLY___ Installed    
2016-11-10 13:48:58,704 INFO     ___FILE_ONLY___  
2016-11-10 13:48:58,704 INFO     ___FILE_ONLY___ │ 
2016-11-10 13:48:58,704 INFO     ___FILE_ONLY___ BigQuery Command Line Tool                          
2016-11-10 13:48:58,704 INFO     ___FILE_ONLY___  
2016-11-10 13:48:58,704 INFO     ___FILE_ONLY___ │ 
2016-11-10 13:48:58,704 INFO     ___FILE_ONLY___ bq                      
2016-11-10 13:48:58,704 INFO     ___FILE_ONLY___  
2016-11-10 13:48:58,704 INFO     ___FILE_ONLY___ │ 
2016-11-10 13:48:58,704 INFO     ___FILE_ONLY___   < 1 MiB
2016-11-10 13:48:58,704 INFO     ___FILE_ONLY___  
2016-11-10 13:48:58,704 INFO     ___FILE_ONLY___ │
2016-11-10 13:48:58,704 INFO     ___FILE_ONLY___ 

2016-11-10 13:48:58,704 INFO     ___FILE_ONLY___ │ 
2016-11-10 13:48:58,705 INFO     ___FILE_ONLY___ Installed    
2016-11-10 13:48:58,705 INFO     ___FILE_ONLY___  
2016-11-10 13:48:58,705 INFO     ___FILE_ONLY___ │ 
2016-11-10 13:48:58,705 INFO     ___FILE_ONLY___ Cloud SDK Core Libraries                            
2016-11-10 13:48:58,705 INFO     ___FILE_ONLY___  
2016-11-10 13:48:58,705 INFO     ___FILE_ONLY___ │ 
2016-11-10 13:48:58,705 INFO     ___FILE_ONLY___ core                    
2016-11-10 13:48:58,705 INFO     ___FILE_ONLY___  
2016-11-10 13:48:58,705 INFO     ___FILE_ONLY___ │ 
2016-11-10 13:48:58,705 INFO     ___FILE_ONLY___   5.1 MiB
2016-11-10 13:48:58,705 INFO     ___FILE_ONLY___  
2016-11-10 13:48:58,705 INFO     ___FILE_ONLY___ │
2016-11-10 13:48:58,705 INFO     ___FILE_ONLY___ 

2016-11-10 13:48:58,705 INFO     ___FILE_ONLY___ │ 
2016-11-10 13:48:58,705 INFO     ___FILE_ONLY___ Installed    
2016-11-10 13:48:58,705 INFO     ___FILE_ONLY___  
2016-11-10 13:48:58,705 INFO     ___FILE_ONLY___ │ 
2016-11-10 13:48:58,705 INFO     ___FILE_ONLY___ Cloud Storage Command Line Tool                     
2016-11-10 13:48:58,705 INFO     ___FILE_ONLY___  
2016-11-10 13:48:58,705 INFO     ___FILE_ONLY___ │ 
2016-11-10 13:48:58,705 INFO     ___FILE_ONLY___ gsutil                  
2016-11-10 13:48:58,705 INFO     ___FILE_ONLY___  
2016-11-10 13:48:58,705 INFO     ___FILE_ONLY___ │ 
2016-11-10 13:48:58,706 INFO     ___FILE_ONLY___   2.8 MiB
2016-11-10 13:48:58,706 INFO     ___FILE_ONLY___  
2016-11-10 13:48:58,706 INFO     ___FILE_ONLY___ │
2016-11-10 13:48:58,706 INFO     ___FILE_ONLY___ 

2016-11-10 13:48:58,706 INFO     ___FILE_ONLY___ │ 
2016-11-10 13:48:58,706 INFO     ___FILE_ONLY___ Installed    
2016-11-10 13:48:58,706 INFO     ___FILE_ONLY___  
2016-11-10 13:48:58,706 INFO     ___FILE_ONLY___ │ 
2016-11-10 13:48:58,706 INFO     ___FILE_ONLY___ Default set of gcloud commands                      
2016-11-10 13:48:58,706 INFO     ___FILE_ONLY___  
2016-11-10 13:48:58,706 INFO     ___FILE_ONLY___ │ 
2016-11-10 13:48:58,706 INFO     ___FILE_ONLY___ gcloud                  
2016-11-10 13:48:58,706 INFO     ___FILE_ONLY___  
2016-11-10 13:48:58,706 INFO     ___FILE_ONLY___ │ 
2016-11-10 13:48:58,706 INFO     ___FILE_ONLY___          
2016-11-10 13:48:58,706 INFO     ___FILE_ONLY___  
2016-11-10 13:48:58,706 INFO     ___FILE_ONLY___ │
2016-11-10 13:48:58,706 INFO     ___FILE_ONLY___ 

2016-11-10 13:48:58,706 INFO     ___FILE_ONLY___ └───────────────┴──────────────────────────────────────────────────────┴──────────────────────────┴───────────┘
2016-11-10 13:48:58,706 INFO     ___FILE_ONLY___ 

2016-11-10 13:48:58,706 INFO     ___FILE_ONLY___ To install or remove components at your current SDK version [134.0.0], run:
  $ gcloud components install COMPONENT_ID
  $ gcloud components remove COMPONENT_ID

To update your SDK installation to the latest version [134.0.0], run:
  $ gcloud components update


2016-11-10 13:49:06,933 DEBUG    root            Metrics reporting process started...
